[
  {
    "level": "INFO",
    "message": "android.ndkVersion from module build.gradle is not set"
  },
  {
    "level": "INFO",
    "message": "ndk.dir in local.properties is D:\\Users\\eigil\\AppData\\Local\\Android\\Sdk\\ndk-bundle"
  },
  {
    "level": "INFO",
    "message": "ANDROID_NDK_HOME environment variable is not set"
  },
  {
    "level": "INFO",
    "message": "sdkFolder is D:\\Users\\eigil\\AppData\\Local\\Android\\Sdk"
  },
  {
    "level": "INFO",
    "message": "Considering D:\\Users\\eigil\\AppData\\Local\\Android\\Sdk\\ndk-bundle by ndk.dir"
  },
  {
    "level": "INFO",
    "message": "Considering D:\\Users\\eigil\\AppData\\Local\\Android\\Sdk\\ndk-bundle in SDK ndk-bundle folder"
  },
  {
    "level": "INFO",
    "message": "Considering D:\\Users\\eigil\\AppData\\Local\\Android\\Sdk\\ndk\\21.0.6113669 in SDK ndk folder"
  },
  {
    "level": "INFO",
    "message": "Rejected D:\\Users\\eigil\\AppData\\Local\\Android\\Sdk\\ndk-bundle by ndk.dir because that location has no source.properties"
  },
  {
    "level": "INFO",
    "message": "Rejected D:\\Users\\eigil\\AppData\\Local\\Android\\Sdk\\ndk-bundle in SDK ndk-bundle folder because that location has no source.properties"
  },
  {
    "level": "ERROR",
    "message": "Location specified by ndk.dir (D:\\Users\\eigil\\AppData\\Local\\Android\\Sdk\\ndk-bundle) did not contain a valid NDK and and couldn\u0027t be used"
  },
  {
    "level": "INFO",
    "message": "Using D:\\Users\\eigil\\AppData\\Local\\Android\\Sdk\\ndk\\21.0.6113669 which is version 21.0.6113669 as fallback but build will fail"
  }
]